\\ens06.labos.polymtl.ca\profiles\raaya\profiles\desktop\systemc2.0.1_modifié\msvc60\systemc\release\vc120.pdb
\\ens06.labos.polymtl.ca\profiles\raaya\profiles\desktop\systemc2.0.1_modifié\msvc60\systemc\release\scfx_rep.obj
\\ens06.labos.polymtl.ca\profiles\raaya\profiles\desktop\systemc2.0.1_modifié\msvc60\systemc\release\scfx_pow10.obj
\\ens06.labos.polymtl.ca\profiles\raaya\profiles\desktop\systemc2.0.1_modifié\msvc60\systemc\release\scfx_mant.obj
\\ens06.labos.polymtl.ca\profiles\raaya\profiles\desktop\systemc2.0.1_modifié\msvc60\systemc\release\sc_lv_base.obj
\\ens06.labos.polymtl.ca\profiles\raaya\profiles\desktop\systemc2.0.1_modifié\msvc60\systemc\release\sc_logic.obj
\\ens06.labos.polymtl.ca\profiles\raaya\profiles\desktop\systemc2.0.1_modifié\msvc60\systemc\release\sc_bv_base.obj
\\ens06.labos.polymtl.ca\profiles\raaya\profiles\desktop\systemc2.0.1_modifié\msvc60\systemc\release\sc_bit_ids.obj
\\ens06.labos.polymtl.ca\profiles\raaya\profiles\desktop\systemc2.0.1_modifié\msvc60\systemc\release\sc_bit.obj
\\ens06.labos.polymtl.ca\profiles\raaya\profiles\desktop\systemc2.0.1_modifié\msvc60\systemc\release\sc_signal_resolved_ports.obj
\\ens06.labos.polymtl.ca\profiles\raaya\profiles\desktop\systemc2.0.1_modifié\msvc60\systemc\release\sc_signal_resolved.obj
\\ens06.labos.polymtl.ca\profiles\raaya\profiles\desktop\systemc2.0.1_modifié\msvc60\systemc\release\sc_signal_ports.obj
\\ens06.labos.polymtl.ca\profiles\raaya\profiles\desktop\systemc2.0.1_modifié\msvc60\systemc\release\sc_signal.obj
\\ens06.labos.polymtl.ca\profiles\raaya\profiles\desktop\systemc2.0.1_modifié\msvc60\systemc\release\sc_semaphore.obj
\\ens06.labos.polymtl.ca\profiles\raaya\profiles\desktop\systemc2.0.1_modifié\msvc60\systemc\release\sc_prim_channel.obj
\\ens06.labos.polymtl.ca\profiles\raaya\profiles\desktop\systemc2.0.1_modifié\msvc60\systemc\release\sc_port.obj
\\ens06.labos.polymtl.ca\profiles\raaya\profiles\desktop\systemc2.0.1_modifié\msvc60\systemc\release\sc_mutex.obj
\\ens06.labos.polymtl.ca\profiles\raaya\profiles\desktop\systemc2.0.1_modifié\msvc60\systemc\release\sc_interface.obj
\\ens06.labos.polymtl.ca\profiles\raaya\profiles\desktop\systemc2.0.1_modifié\msvc60\systemc\release\sc_event_finder.obj
\\ens06.labos.polymtl.ca\profiles\raaya\profiles\desktop\systemc2.0.1_modifié\msvc60\systemc\release\sc_communication_ids.obj
\\ens06.labos.polymtl.ca\profiles\raaya\profiles\desktop\systemc2.0.1_modifié\msvc60\systemc\release\sc_clock.obj
\\ens06.labos.polymtl.ca\profiles\raaya\profiles\desktop\systemc2.0.1_modifié\msvc60\systemc\release\sc_uint_base.obj
\\ens06.labos.polymtl.ca\profiles\raaya\profiles\desktop\systemc2.0.1_modifié\msvc60\systemc\release\sc_signed.obj
\\ens06.labos.polymtl.ca\profiles\raaya\profiles\desktop\systemc2.0.1_modifié\msvc60\systemc\release\sc_nbutils.obj
\\ens06.labos.polymtl.ca\profiles\raaya\profiles\desktop\systemc2.0.1_modifié\msvc60\systemc\release\sc_nbexterns.obj
\\ens06.labos.polymtl.ca\profiles\raaya\profiles\desktop\systemc2.0.1_modifié\msvc60\systemc\release\sc_nbdefs.obj
\\ens06.labos.polymtl.ca\profiles\raaya\profiles\desktop\systemc2.0.1_modifié\msvc60\systemc\release\sc_length_param.obj
\\ens06.labos.polymtl.ca\profiles\raaya\profiles\desktop\systemc2.0.1_modifié\msvc60\systemc\release\sc_int_ids.obj
\\ens06.labos.polymtl.ca\profiles\raaya\profiles\desktop\systemc2.0.1_modifié\msvc60\systemc\release\sc_int_base.obj
\\ens06.labos.polymtl.ca\profiles\raaya\profiles\desktop\systemc2.0.1_modifié\msvc60\systemc\release\sc_int64_mask.obj
\\ens06.labos.polymtl.ca\profiles\raaya\profiles\desktop\systemc2.0.1_modifié\msvc60\systemc\release\sc_int64_io.obj
\\ens06.labos.polymtl.ca\profiles\raaya\profiles\desktop\systemc2.0.1_modifié\msvc60\systemc\release\sc_int32_mask.obj
\\ens06.labos.polymtl.ca\profiles\raaya\profiles\desktop\systemc2.0.1_modifié\msvc60\systemc\release\sc_fx_ids.obj
\\ens06.labos.polymtl.ca\profiles\raaya\profiles\desktop\systemc2.0.1_modifié\msvc60\systemc\release\sc_fxval_observer.obj
\\ens06.labos.polymtl.ca\profiles\raaya\profiles\desktop\systemc2.0.1_modifié\msvc60\systemc\release\sc_fxval.obj
\\ens06.labos.polymtl.ca\profiles\raaya\profiles\desktop\systemc2.0.1_modifié\msvc60\systemc\release\sc_fxtype_params.obj
\\ens06.labos.polymtl.ca\profiles\raaya\profiles\desktop\systemc2.0.1_modifié\msvc60\systemc\release\sc_fxnum_observer.obj
\\ens06.labos.polymtl.ca\profiles\raaya\profiles\desktop\systemc2.0.1_modifié\msvc60\systemc\release\sc_fxnum.obj
\\ens06.labos.polymtl.ca\profiles\raaya\profiles\desktop\systemc2.0.1_modifié\msvc60\systemc\release\sc_fxdefs.obj
\\ens06.labos.polymtl.ca\profiles\raaya\profiles\desktop\systemc2.0.1_modifié\msvc60\systemc\release\sc_fxcast_switch.obj
\\ens06.labos.polymtl.ca\profiles\raaya\profiles\desktop\systemc2.0.1_modifié\msvc60\systemc\release\scfx_utils.obj
\\ens06.labos.polymtl.ca\profiles\raaya\profiles\desktop\systemc2.0.1_modifié\msvc60\systemc\release\sc_ver.obj
\\ens06.labos.polymtl.ca\profiles\raaya\profiles\desktop\systemc2.0.1_modifié\msvc60\systemc\release\sc_time.obj
\\ens06.labos.polymtl.ca\profiles\raaya\profiles\desktop\systemc2.0.1_modifié\msvc60\systemc\release\sc_simcontext.obj
\\ens06.labos.polymtl.ca\profiles\raaya\profiles\desktop\systemc2.0.1_modifié\msvc60\systemc\release\sc_sensitive.obj
\\ens06.labos.polymtl.ca\profiles\raaya\profiles\desktop\systemc2.0.1_modifié\msvc60\systemc\release\sc_runnable.obj
\\ens06.labos.polymtl.ca\profiles\raaya\profiles\desktop\systemc2.0.1_modifié\msvc60\systemc\release\sc_process_int.obj
\\ens06.labos.polymtl.ca\profiles\raaya\profiles\desktop\systemc2.0.1_modifié\msvc60\systemc\release\sc_object_manager.obj
\\ens06.labos.polymtl.ca\profiles\raaya\profiles\desktop\systemc2.0.1_modifié\msvc60\systemc\release\sc_object.obj
\\ens06.labos.polymtl.ca\profiles\raaya\profiles\desktop\systemc2.0.1_modifié\msvc60\systemc\release\sc_name_gen.obj
\\ens06.labos.polymtl.ca\profiles\raaya\profiles\desktop\systemc2.0.1_modifié\msvc60\systemc\release\sc_module_registry.obj
\\ens06.labos.polymtl.ca\profiles\raaya\profiles\desktop\systemc2.0.1_modifié\msvc60\systemc\release\sc_module_name.obj
\\ens06.labos.polymtl.ca\profiles\raaya\profiles\desktop\systemc2.0.1_modifié\msvc60\systemc\release\sc_module.obj
\\ens06.labos.polymtl.ca\profiles\raaya\profiles\desktop\systemc2.0.1_modifié\msvc60\systemc\release\sc_main.obj
\\ens06.labos.polymtl.ca\profiles\raaya\profiles\desktop\systemc2.0.1_modifié\msvc60\systemc\release\sc_lambda.obj
\\ens06.labos.polymtl.ca\profiles\raaya\profiles\desktop\systemc2.0.1_modifié\msvc60\systemc\release\sc_kernel_ids.obj
\\ens06.labos.polymtl.ca\profiles\raaya\profiles\desktop\systemc2.0.1_modifié\msvc60\systemc\release\sc_event.obj
\\ens06.labos.polymtl.ca\profiles\raaya\profiles\desktop\systemc2.0.1_modifié\msvc60\systemc\release\sc_cor_qt.obj
\\ens06.labos.polymtl.ca\profiles\raaya\profiles\desktop\systemc2.0.1_modifié\msvc60\systemc\release\sc_cor_fiber.obj
\\ens06.labos.polymtl.ca\profiles\raaya\profiles\desktop\systemc2.0.1_modifié\msvc60\systemc\release\sc_attribute.obj
\\ens06.labos.polymtl.ca\profiles\raaya\profiles\desktop\systemc2.0.1_modifié\msvc60\systemc\release\sc_unsigned.obj
\\ens06.labos.polymtl.ca\profiles\raaya\profiles\desktop\systemc2.0.1_modifié\msvc60\systemc\release\sc_vector.obj
\\ens06.labos.polymtl.ca\profiles\raaya\profiles\desktop\systemc2.0.1_modifié\msvc60\systemc\release\sc_utils_ids.obj
\\ens06.labos.polymtl.ca\profiles\raaya\profiles\desktop\systemc2.0.1_modifié\msvc60\systemc\release\sc_string.obj
\\ens06.labos.polymtl.ca\profiles\raaya\profiles\desktop\systemc2.0.1_modifié\msvc60\systemc\release\sc_stop_here.obj
\\ens06.labos.polymtl.ca\profiles\raaya\profiles\desktop\systemc2.0.1_modifié\msvc60\systemc\release\sc_report_handler.obj
\\ens06.labos.polymtl.ca\profiles\raaya\profiles\desktop\systemc2.0.1_modifié\msvc60\systemc\release\sc_report.obj
\\ens06.labos.polymtl.ca\profiles\raaya\profiles\desktop\systemc2.0.1_modifié\msvc60\systemc\release\sc_pq.obj
\\ens06.labos.polymtl.ca\profiles\raaya\profiles\desktop\systemc2.0.1_modifié\msvc60\systemc\release\sc_mempool.obj
\\ens06.labos.polymtl.ca\profiles\raaya\profiles\desktop\systemc2.0.1_modifié\msvc60\systemc\release\sc_list.obj
\\ens06.labos.polymtl.ca\profiles\raaya\profiles\desktop\systemc2.0.1_modifié\msvc60\systemc\release\sc_hash.obj
\\ens06.labos.polymtl.ca\profiles\raaya\profiles\desktop\systemc2.0.1_modifié\msvc60\systemc\release\sc_exception.obj
\\ens06.labos.polymtl.ca\profiles\raaya\profiles\desktop\systemc2.0.1_modifié\msvc60\systemc\release\sc_wif_trace.obj
\\ens06.labos.polymtl.ca\profiles\raaya\profiles\desktop\systemc2.0.1_modifié\msvc60\systemc\release\sc_vcd_trace.obj
\\ens06.labos.polymtl.ca\profiles\raaya\profiles\desktop\systemc2.0.1_modifié\msvc60\systemc\release\sc_trace.obj
\\ens06.labos.polymtl.ca\profiles\raaya\profiles\desktop\systemc2.0.1_modifié\msvc60\systemc\release\sc_isdb_trace.obj
\\ens06.labos.polymtl.ca\profiles\raaya\profiles\desktop\systemc2.0.1_modifié\msvc60\systemc\release\sc_wait_cthread.obj
\\ens06.labos.polymtl.ca\profiles\raaya\profiles\desktop\systemc2.0.1_modifié\msvc60\systemc\release\sc_wait.obj
\\ens06.labos.polymtl.ca\profiles\raaya\profiles\desktop\systemc2.0.1_modifié\msvc60\systemc\release\systemc.lib
\\ens06.labos.polymtl.ca\profiles\raaya\profiles\desktop\systemc2.0.1_modifié\msvc60\systemc\x64\release\systemc.tlog\cl.command.1.tlog
\\ens06.labos.polymtl.ca\profiles\raaya\profiles\desktop\systemc2.0.1_modifié\msvc60\systemc\x64\release\systemc.tlog\cl.read.1.tlog
\\ens06.labos.polymtl.ca\profiles\raaya\profiles\desktop\systemc2.0.1_modifié\msvc60\systemc\x64\release\systemc.tlog\cl.write.1.tlog
\\ens06.labos.polymtl.ca\profiles\raaya\profiles\desktop\systemc2.0.1_modifié\msvc60\systemc\x64\release\systemc.tlog\lib-link.read.1.tlog
\\ens06.labos.polymtl.ca\profiles\raaya\profiles\desktop\systemc2.0.1_modifié\msvc60\systemc\x64\release\systemc.tlog\lib-link.write.1.tlog
\\ens06.labos.polymtl.ca\profiles\raaya\profiles\desktop\systemc2.0.1_modifié\msvc60\systemc\x64\release\systemc.tlog\lib.command.1.tlog
