x:\bureau\save\inf6600-tp2\visualproject\consoleapplication2\x64\release\consoleapplication2.exe
x:\bureau\save\inf6600-tp2\visualproject\consoleapplication2\x64\release\consoleapplication2.pdb
x:\bureau\save\inf6600-tp2\visualproject\consoleapplication2\consoleapplication2\x64\release\consoleapplication2.res
x:\bureau\save\inf6600-tp2\visualproject\consoleapplication2\consoleapplication2\x64\release\vc120.pdb
x:\bureau\save\inf6600-tp2\visualproject\consoleapplication2\consoleapplication2\x64\release\userinterface.obj
x:\bureau\save\inf6600-tp2\visualproject\consoleapplication2\consoleapplication2\x64\release\stop.obj
x:\bureau\save\inf6600-tp2\visualproject\consoleapplication2\consoleapplication2\x64\release\start.obj
x:\bureau\save\inf6600-tp2\visualproject\consoleapplication2\consoleapplication2\x64\release\sdtafx.obj
x:\bureau\save\inf6600-tp2\visualproject\consoleapplication2\consoleapplication2\x64\release\reset.obj
x:\bureau\save\inf6600-tp2\visualproject\consoleapplication2\consoleapplication2\x64\release\interout.obj
x:\bureau\save\inf6600-tp2\visualproject\consoleapplication2\consoleapplication2\x64\release\interin.obj
x:\bureau\save\inf6600-tp2\visualproject\consoleapplication2\consoleapplication2\x64\release\controller.obj
x:\bureau\save\inf6600-tp2\visualproject\consoleapplication2\consoleapplication2\x64\release\alarme.obj
x:\bureau\save\inf6600-tp2\visualproject\consoleapplication2\consoleapplication2\x64\release\main.obj
x:\bureau\save\inf6600-tp2\visualproject\consoleapplication2\consoleapplication2\x64\release\consolea.4db61d43.tlog\link.command.1.tlog
x:\bureau\save\inf6600-tp2\visualproject\consoleapplication2\consoleapplication2\x64\release\consolea.4db61d43.tlog\link.read.5.tlog
x:\bureau\save\inf6600-tp2\visualproject\consoleapplication2\consoleapplication2\x64\release\consolea.4db61d43.tlog\link.write.1.tlog
x:\bureau\save\inf6600-tp2\visualproject\consoleapplication2\consoleapplication2\x64\release\consolea.4db61d43.tlog\rc.write.1.tlog
x:\bureau\save\inf6600-tp2\visualproject\consoleapplication2\consoleapplication2\x64\release\consolea.4db61d43.tlog\cl.command.1.tlog
x:\bureau\save\inf6600-tp2\visualproject\consoleapplication2\consoleapplication2\x64\release\consolea.4db61d43.tlog\cl.write.1.tlog
x:\bureau\save\inf6600-tp2\visualproject\consoleapplication2\consoleapplication2\x64\release\consolea.4db61d43.tlog\rc.command.1.tlog
x:\bureau\save\inf6600-tp2\visualproject\consoleapplication2\consoleapplication2\x64\release\consolea.4db61d43.tlog\cl.read.1.tlog
x:\bureau\save\inf6600-tp2\visualproject\consoleapplication2\consoleapplication2\x64\release\consolea.4db61d43.tlog\rc.read.1.tlog
