La génération a démarré 2016-11-03 15:42:32.
     1>Projet "X:\Bureau\new\inf6600-tp2\inf6600-tp2\visualProject\ConsoleApplication2\ConsoleApplication2\ConsoleApplication2.vcxproj" sur le nœud 2 (Build cible(s)).
     1>ClCompile:
         C:\Program Files (x86)\Microsoft Visual Studio 12.0\VC\bin\x86_amd64\CL.exe /c /IX:\Bureau\save\tp\libC\src /IX:\Bureau\save\tp\discret\cosimlib /Zi /nologo /W3 /WX- /sdl /O2 /Oi /GL /D WIN32 /D NDEBUG /D _CONSOLE /D _LIB /D _XKEYCHECK_H /D _CRT_SECURE_NO_WARNINGS /Gm- /EHsc /MT /GS /Gy /fp:precise /Zc:wchar_t /Zc:forScope /Fo"x64\Release\\" /Fd"x64\Release\vc120.pdb" /Gd /TP /errorReport:prompt ..\..\..\..\tp\discret\controller.cpp
         controller.cpp
     1>x:\bureau\new\inf6600-tp2\tp\libc\src\systemc/kernel/sc_cmnhdr.h(81): warning C4005: '_WIN32_WINNT' : redéfinition de macro
                 C:\Program Files (x86)\Windows Kits\8.1\Include\shared\SDKDDKVer.h(200) : voir la définition précédente de '_WIN32_WINNT'
     1>x:\bureau\new\inf6600-tp2\tp\libc\src\systemc/kernel/sc_runnable.h(70): warning C4244: 'return' : conversion de '__int64' en 'int', perte possible de données
                 x:\bureau\new\inf6600-tp2\tp\libc\src\systemc/kernel/sc_runnable.h(70) : lors de la compilation de la fonction membre 'int sc_q<sc_method_handle>::size(void) const' de la classe modèle
                 x:\bureau\new\inf6600-tp2\tp\libc\src\systemc/kernel/sc_runnable.h(206) : voir la référence à l'instanciation de la fonction modèle 'int sc_q<sc_method_handle>::size(void) const' en cours de compilation
                 x:\bureau\new\inf6600-tp2\tp\libc\src\systemc/kernel/sc_runnable.h(124) : voir la référence à l'instanciation de la classe modèle 'sc_q<sc_method_handle>' en cours de compilation
       Link:
         C:\Program Files (x86)\Microsoft Visual Studio 12.0\VC\bin\x86_amd64\link.exe /ERRORREPORT:PROMPT /OUT:"X:\Bureau\new\inf6600-tp2\inf6600-tp2\visualProject\ConsoleApplication2\x64\Release\ConsoleApplication2.exe" /INCREMENTAL:NO /NOLOGO /LIBPATH:C:\TEMP systemc.lib CosimLib.lib /MANIFEST /MANIFESTUAC:"level='asInvoker' uiAccess='false'" /manifest:embed /DEBUG /PDB:"X:\Bureau\new\inf6600-tp2\inf6600-tp2\visualProject\ConsoleApplication2\x64\Release\ConsoleApplication2.pdb" /SUBSYSTEM:CONSOLE /OPT:REF /OPT:ICF /LTCG /TLBID:1 /DYNAMICBASE /NXCOMPAT /IMPLIB:"X:\Bureau\new\inf6600-tp2\inf6600-tp2\visualProject\ConsoleApplication2\x64\Release\ConsoleApplication2.lib" /MACHINE:X64 x64\Release\ConsoleApplication2.res
         x64\Release\alarme.obj
         x64\Release\controller.obj
         x64\Release\interIn.obj
         x64\Release\interOut.obj
         x64\Release\main.obj
         x64\Release\reset.obj
         x64\Release\sdtafx.obj
         x64\Release\start.obj
         x64\Release\stop.obj
         x64\Release\userInterface.obj
         Génération de code en cours
     1>c:\temp\cosim\cosimlib\cosimlib\main.cpp(103): warning C4715: 'set_simcontext' : les chemins de contrôle ne retournent pas tous une valeur
         Fin de la génération du code
     1>CosimLib.lib(main.obj) : warning LNK4099: PDB 'vc120.pdb' n'a pu être trouvé avec 'CosimLib.lib(main.obj)' ou sur 'X:\Bureau\new\inf6600-tp2\inf6600-tp2\visualProject\ConsoleApplication2\x64\Release\vc120.pdb' ; l'objet sera lié sans informations de débogage
         ConsoleApplication2.vcxproj -> X:\Bureau\new\inf6600-tp2\inf6600-tp2\visualProject\ConsoleApplication2\x64\Release\ConsoleApplication2.exe
     1>Génération du projet "X:\Bureau\new\inf6600-tp2\inf6600-tp2\visualProject\ConsoleApplication2\ConsoleApplication2\ConsoleApplication2.vcxproj" terminée (Build cible(s)).

La génération a réussi.

Temps écoulé 00:00:10.30
